package configuration for libffi is not found
have_header: checking for ffi.h... -------------------- no

"/usr/bin/gcc -o conftest -I/Users/r.kalbhor/.rbenv/versions/1.9.3-p0/include/ruby-1.9.1/x86_64-darwin10.8.0 -I/Users/r.kalbhor/.rbenv/versions/1.9.3-p0/include/ruby-1.9.1/ruby/backward -I/Users/r.kalbhor/.rbenv/versions/1.9.3-p0/include/ruby-1.9.1 -I. -I'/Users/r.kalbhor/.rbenv/versions/1.9.3-p0/include'  -D_XOPEN_SOURCE -D_DARWIN_C_SOURCE  -I'/Users/r.kalbhor/.rbenv/versions/1.9.3-p0/include'   -O3 -ggdb -Wextra -Wno-unused-parameter -Wno-parentheses -Wno-long-long -Wno-missing-field-initializers -Wpointer-arith -Wwrite-strings -Wdeclaration-after-statement -Wshorten-64-to-32 -Wimplicit-function-declaration  -pipe conftest.c  -L. -L/Users/r.kalbhor/.rbenv/versions/1.9.3-p0/lib -L. -L'/Users/r.kalbhor/.rbenv/versions/1.9.3-p0/lib'      -lruby-static  -lpthread -ldl -lobjc "
checked program was:
/* begin */
1: #include "ruby.h"
2: 
3: int main() {return 0;}
/* end */

"/usr/bin/gcc -E -I/Users/r.kalbhor/.rbenv/versions/1.9.3-p0/include/ruby-1.9.1/x86_64-darwin10.8.0 -I/Users/r.kalbhor/.rbenv/versions/1.9.3-p0/include/ruby-1.9.1/ruby/backward -I/Users/r.kalbhor/.rbenv/versions/1.9.3-p0/include/ruby-1.9.1 -I. -I'/Users/r.kalbhor/.rbenv/versions/1.9.3-p0/include'  -D_XOPEN_SOURCE -D_DARWIN_C_SOURCE  -I'/Users/r.kalbhor/.rbenv/versions/1.9.3-p0/include'   -O3 -ggdb -Wextra -Wno-unused-parameter -Wno-parentheses -Wno-long-long -Wno-missing-field-initializers -Wpointer-arith -Wwrite-strings -Wdeclaration-after-statement -Wshorten-64-to-32 -Wimplicit-function-declaration  -pipe  conftest.c -o conftest.i"
conftest.c:3:17: error: ffi.h: No such file or directory
checked program was:
/* begin */
1: #include "ruby.h"
2: 
3: #include <ffi.h>
/* end */

--------------------

find_header: checking for ffi.h in /usr/local/include,/usr/include/ffi... -------------------- yes

"/usr/bin/gcc -E -I/Users/r.kalbhor/.rbenv/versions/1.9.3-p0/include/ruby-1.9.1/x86_64-darwin10.8.0 -I/Users/r.kalbhor/.rbenv/versions/1.9.3-p0/include/ruby-1.9.1/ruby/backward -I/Users/r.kalbhor/.rbenv/versions/1.9.3-p0/include/ruby-1.9.1 -I. -I'/Users/r.kalbhor/.rbenv/versions/1.9.3-p0/include'  -D_XOPEN_SOURCE -D_DARWIN_C_SOURCE  -I'/Users/r.kalbhor/.rbenv/versions/1.9.3-p0/include'   -O3 -ggdb -Wextra -Wno-unused-parameter -Wno-parentheses -Wno-long-long -Wno-missing-field-initializers -Wpointer-arith -Wwrite-strings -Wdeclaration-after-statement -Wshorten-64-to-32 -Wimplicit-function-declaration  -pipe  conftest.c -o conftest.i"
conftest.c:3:17: error: ffi.h: No such file or directory
checked program was:
/* begin */
1: #include "ruby.h"
2: 
3: #include <ffi.h>
/* end */

"/usr/bin/gcc -E -I/Users/r.kalbhor/.rbenv/versions/1.9.3-p0/include/ruby-1.9.1/x86_64-darwin10.8.0 -I/Users/r.kalbhor/.rbenv/versions/1.9.3-p0/include/ruby-1.9.1/ruby/backward -I/Users/r.kalbhor/.rbenv/versions/1.9.3-p0/include/ruby-1.9.1 -I. -I'/Users/r.kalbhor/.rbenv/versions/1.9.3-p0/include'  -D_XOPEN_SOURCE -D_DARWIN_C_SOURCE  -I'/Users/r.kalbhor/.rbenv/versions/1.9.3-p0/include'   -O3 -ggdb -Wextra -Wno-unused-parameter -Wno-parentheses -Wno-long-long -Wno-missing-field-initializers -Wpointer-arith -Wwrite-strings -Wdeclaration-after-statement -Wshorten-64-to-32 -Wimplicit-function-declaration  -pipe -I/usr/local/include conftest.c -o conftest.i"
conftest.c:3:17: error: ffi.h: No such file or directory
checked program was:
/* begin */
1: #include "ruby.h"
2: 
3: #include <ffi.h>
/* end */

"/usr/bin/gcc -E -I/Users/r.kalbhor/.rbenv/versions/1.9.3-p0/include/ruby-1.9.1/x86_64-darwin10.8.0 -I/Users/r.kalbhor/.rbenv/versions/1.9.3-p0/include/ruby-1.9.1/ruby/backward -I/Users/r.kalbhor/.rbenv/versions/1.9.3-p0/include/ruby-1.9.1 -I. -I'/Users/r.kalbhor/.rbenv/versions/1.9.3-p0/include'  -D_XOPEN_SOURCE -D_DARWIN_C_SOURCE  -I'/Users/r.kalbhor/.rbenv/versions/1.9.3-p0/include'   -O3 -ggdb -Wextra -Wno-unused-parameter -Wno-parentheses -Wno-long-long -Wno-missing-field-initializers -Wpointer-arith -Wwrite-strings -Wdeclaration-after-statement -Wshorten-64-to-32 -Wimplicit-function-declaration  -pipe -I/usr/include/ffi conftest.c -o conftest.i"
checked program was:
/* begin */
1: #include "ruby.h"
2: 
3: #include <ffi.h>
/* end */

--------------------

have_library: checking for ffi_call() in -lffi... -------------------- yes

"/usr/bin/gcc -o conftest -I/Users/r.kalbhor/.rbenv/versions/1.9.3-p0/include/ruby-1.9.1/x86_64-darwin10.8.0 -I/Users/r.kalbhor/.rbenv/versions/1.9.3-p0/include/ruby-1.9.1/ruby/backward -I/Users/r.kalbhor/.rbenv/versions/1.9.3-p0/include/ruby-1.9.1 -I. -I/usr/include/ffi -I'/Users/r.kalbhor/.rbenv/versions/1.9.3-p0/include'  -D_XOPEN_SOURCE -D_DARWIN_C_SOURCE  -I'/Users/r.kalbhor/.rbenv/versions/1.9.3-p0/include'   -O3 -ggdb -Wextra -Wno-unused-parameter -Wno-parentheses -Wno-long-long -Wno-missing-field-initializers -Wpointer-arith -Wwrite-strings -Wdeclaration-after-statement -Wshorten-64-to-32 -Wimplicit-function-declaration  -pipe conftest.c  -L. -L/Users/r.kalbhor/.rbenv/versions/1.9.3-p0/lib -L. -L'/Users/r.kalbhor/.rbenv/versions/1.9.3-p0/lib'      -lruby-static -lffi  -lpthread -ldl -lobjc "
checked program was:
/* begin */
1: #include "ruby.h"
2: 
3: #include <ffi.h>
4: 
5: /*top*/
6: int main() {return 0;}
7: int t() { void ((*volatile p)()); p = (void ((*)()))ffi_call; return 0; }
/* end */

--------------------

have_func: checking for ffi_prep_closure()... -------------------- yes

"/usr/bin/gcc -o conftest -I/Users/r.kalbhor/.rbenv/versions/1.9.3-p0/include/ruby-1.9.1/x86_64-darwin10.8.0 -I/Users/r.kalbhor/.rbenv/versions/1.9.3-p0/include/ruby-1.9.1/ruby/backward -I/Users/r.kalbhor/.rbenv/versions/1.9.3-p0/include/ruby-1.9.1 -I. -I/usr/include/ffi -I'/Users/r.kalbhor/.rbenv/versions/1.9.3-p0/include'  -D_XOPEN_SOURCE -D_DARWIN_C_SOURCE  -I'/Users/r.kalbhor/.rbenv/versions/1.9.3-p0/include'   -O3 -ggdb -Wextra -Wno-unused-parameter -Wno-parentheses -Wno-long-long -Wno-missing-field-initializers -Wpointer-arith -Wwrite-strings -Wdeclaration-after-statement -Wshorten-64-to-32 -Wimplicit-function-declaration  -pipe conftest.c  -L. -L/Users/r.kalbhor/.rbenv/versions/1.9.3-p0/lib -L. -L'/Users/r.kalbhor/.rbenv/versions/1.9.3-p0/lib'     -lffi  -lruby-static -lffi  -lpthread -ldl -lobjc "
conftest.c: In function ‘t’:
conftest.c:5: error: ‘ffi_prep_closure’ undeclared (first use in this function)
conftest.c:5: error: (Each undeclared identifier is reported only once
conftest.c:5: error: for each function it appears in.)
checked program was:
/* begin */
1: #include "ruby.h"
2: 
3: /*top*/
4: int main() {return 0;}
5: int t() { void ((*volatile p)()); p = (void ((*)()))ffi_prep_closure; return 0; }
/* end */

"/usr/bin/gcc -o conftest -I/Users/r.kalbhor/.rbenv/versions/1.9.3-p0/include/ruby-1.9.1/x86_64-darwin10.8.0 -I/Users/r.kalbhor/.rbenv/versions/1.9.3-p0/include/ruby-1.9.1/ruby/backward -I/Users/r.kalbhor/.rbenv/versions/1.9.3-p0/include/ruby-1.9.1 -I. -I/usr/include/ffi -I'/Users/r.kalbhor/.rbenv/versions/1.9.3-p0/include'  -D_XOPEN_SOURCE -D_DARWIN_C_SOURCE  -I'/Users/r.kalbhor/.rbenv/versions/1.9.3-p0/include'   -O3 -ggdb -Wextra -Wno-unused-parameter -Wno-parentheses -Wno-long-long -Wno-missing-field-initializers -Wpointer-arith -Wwrite-strings -Wdeclaration-after-statement -Wshorten-64-to-32 -Wimplicit-function-declaration  -pipe conftest.c  -L. -L/Users/r.kalbhor/.rbenv/versions/1.9.3-p0/lib -L. -L'/Users/r.kalbhor/.rbenv/versions/1.9.3-p0/lib'     -lffi  -lruby-static -lffi  -lpthread -ldl -lobjc "
conftest.c: In function ‘t’:
conftest.c:5: warning: implicit declaration of function ‘ffi_prep_closure’
checked program was:
/* begin */
1: #include "ruby.h"
2: 
3: /*top*/
4: int main() {return 0;}
5: int t() { ffi_prep_closure(); return 0; }
/* end */

--------------------

have_func: checking for ffi_raw_call()... -------------------- no

"/usr/bin/gcc -o conftest -I/Users/r.kalbhor/.rbenv/versions/1.9.3-p0/include/ruby-1.9.1/x86_64-darwin10.8.0 -I/Users/r.kalbhor/.rbenv/versions/1.9.3-p0/include/ruby-1.9.1/ruby/backward -I/Users/r.kalbhor/.rbenv/versions/1.9.3-p0/include/ruby-1.9.1 -I. -I/usr/include/ffi -I'/Users/r.kalbhor/.rbenv/versions/1.9.3-p0/include'  -D_XOPEN_SOURCE -D_DARWIN_C_SOURCE  -I'/Users/r.kalbhor/.rbenv/versions/1.9.3-p0/include'   -O3 -ggdb -Wextra -Wno-unused-parameter -Wno-parentheses -Wno-long-long -Wno-missing-field-initializers -Wpointer-arith -Wwrite-strings -Wdeclaration-after-statement -Wshorten-64-to-32 -Wimplicit-function-declaration  -pipe conftest.c  -L. -L/Users/r.kalbhor/.rbenv/versions/1.9.3-p0/lib -L. -L'/Users/r.kalbhor/.rbenv/versions/1.9.3-p0/lib'     -lffi  -lruby-static -lffi  -lpthread -ldl -lobjc "
conftest.c: In function ‘t’:
conftest.c:5: error: ‘ffi_raw_call’ undeclared (first use in this function)
conftest.c:5: error: (Each undeclared identifier is reported only once
conftest.c:5: error: for each function it appears in.)
checked program was:
/* begin */
1: #include "ruby.h"
2: 
3: /*top*/
4: int main() {return 0;}
5: int t() { void ((*volatile p)()); p = (void ((*)()))ffi_raw_call; return 0; }
/* end */

"/usr/bin/gcc -o conftest -I/Users/r.kalbhor/.rbenv/versions/1.9.3-p0/include/ruby-1.9.1/x86_64-darwin10.8.0 -I/Users/r.kalbhor/.rbenv/versions/1.9.3-p0/include/ruby-1.9.1/ruby/backward -I/Users/r.kalbhor/.rbenv/versions/1.9.3-p0/include/ruby-1.9.1 -I. -I/usr/include/ffi -I'/Users/r.kalbhor/.rbenv/versions/1.9.3-p0/include'  -D_XOPEN_SOURCE -D_DARWIN_C_SOURCE  -I'/Users/r.kalbhor/.rbenv/versions/1.9.3-p0/include'   -O3 -ggdb -Wextra -Wno-unused-parameter -Wno-parentheses -Wno-long-long -Wno-missing-field-initializers -Wpointer-arith -Wwrite-strings -Wdeclaration-after-statement -Wshorten-64-to-32 -Wimplicit-function-declaration  -pipe conftest.c  -L. -L/Users/r.kalbhor/.rbenv/versions/1.9.3-p0/lib -L. -L'/Users/r.kalbhor/.rbenv/versions/1.9.3-p0/lib'     -lffi  -lruby-static -lffi  -lpthread -ldl -lobjc "
conftest.c: In function ‘t’:
conftest.c:5: warning: implicit declaration of function ‘ffi_raw_call’
Undefined symbols for architecture x86_64:
  "_ffi_raw_call", referenced from:
      _t in ccp7nc3B.o
ld: symbol(s) not found for architecture x86_64
collect2: ld returned 1 exit status
checked program was:
/* begin */
1: #include "ruby.h"
2: 
3: /*top*/
4: int main() {return 0;}
5: int t() { ffi_raw_call(); return 0; }
/* end */

--------------------

have_func: checking for rb_thread_blocking_region()... -------------------- yes

"/usr/bin/gcc -o conftest -I/Users/r.kalbhor/.rbenv/versions/1.9.3-p0/include/ruby-1.9.1/x86_64-darwin10.8.0 -I/Users/r.kalbhor/.rbenv/versions/1.9.3-p0/include/ruby-1.9.1/ruby/backward -I/Users/r.kalbhor/.rbenv/versions/1.9.3-p0/include/ruby-1.9.1 -I. -I/usr/include/ffi -I'/Users/r.kalbhor/.rbenv/versions/1.9.3-p0/include'  -D_XOPEN_SOURCE -D_DARWIN_C_SOURCE  -I'/Users/r.kalbhor/.rbenv/versions/1.9.3-p0/include'   -O3 -ggdb -Wextra -Wno-unused-parameter -Wno-parentheses -Wno-long-long -Wno-missing-field-initializers -Wpointer-arith -Wwrite-strings -Wdeclaration-after-statement -Wshorten-64-to-32 -Wimplicit-function-declaration  -pipe conftest.c  -L. -L/Users/r.kalbhor/.rbenv/versions/1.9.3-p0/lib -L. -L'/Users/r.kalbhor/.rbenv/versions/1.9.3-p0/lib'     -lffi  -lruby-static -lffi  -lpthread -ldl -lobjc "
checked program was:
/* begin */
1: #include "ruby.h"
2: 
3: /*top*/
4: int main() {return 0;}
5: int t() { void ((*volatile p)()); p = (void ((*)()))rb_thread_blocking_region; return 0; }
/* end */

--------------------

have_func: checking for ruby_native_thread_p()... -------------------- yes

"/usr/bin/gcc -o conftest -I/Users/r.kalbhor/.rbenv/versions/1.9.3-p0/include/ruby-1.9.1/x86_64-darwin10.8.0 -I/Users/r.kalbhor/.rbenv/versions/1.9.3-p0/include/ruby-1.9.1/ruby/backward -I/Users/r.kalbhor/.rbenv/versions/1.9.3-p0/include/ruby-1.9.1 -I. -I/usr/include/ffi -I'/Users/r.kalbhor/.rbenv/versions/1.9.3-p0/include'  -D_XOPEN_SOURCE -D_DARWIN_C_SOURCE  -I'/Users/r.kalbhor/.rbenv/versions/1.9.3-p0/include'   -O3 -ggdb -Wextra -Wno-unused-parameter -Wno-parentheses -Wno-long-long -Wno-missing-field-initializers -Wpointer-arith -Wwrite-strings -Wdeclaration-after-statement -Wshorten-64-to-32 -Wimplicit-function-declaration  -pipe conftest.c  -L. -L/Users/r.kalbhor/.rbenv/versions/1.9.3-p0/lib -L. -L'/Users/r.kalbhor/.rbenv/versions/1.9.3-p0/lib'     -lffi  -lruby-static -lffi  -lpthread -ldl -lobjc "
checked program was:
/* begin */
1: #include "ruby.h"
2: 
3: /*top*/
4: int main() {return 0;}
5: int t() { void ((*volatile p)()); p = (void ((*)()))ruby_native_thread_p; return 0; }
/* end */

--------------------

have_func: checking for rb_thread_call_with_gvl()... -------------------- yes

"/usr/bin/gcc -o conftest -I/Users/r.kalbhor/.rbenv/versions/1.9.3-p0/include/ruby-1.9.1/x86_64-darwin10.8.0 -I/Users/r.kalbhor/.rbenv/versions/1.9.3-p0/include/ruby-1.9.1/ruby/backward -I/Users/r.kalbhor/.rbenv/versions/1.9.3-p0/include/ruby-1.9.1 -I. -I/usr/include/ffi -I'/Users/r.kalbhor/.rbenv/versions/1.9.3-p0/include'  -D_XOPEN_SOURCE -D_DARWIN_C_SOURCE  -I'/Users/r.kalbhor/.rbenv/versions/1.9.3-p0/include'   -O3 -ggdb -Wextra -Wno-unused-parameter -Wno-parentheses -Wno-long-long -Wno-missing-field-initializers -Wpointer-arith -Wwrite-strings -Wdeclaration-after-statement -Wshorten-64-to-32 -Wimplicit-function-declaration  -pipe conftest.c  -L. -L/Users/r.kalbhor/.rbenv/versions/1.9.3-p0/lib -L. -L'/Users/r.kalbhor/.rbenv/versions/1.9.3-p0/lib'     -lffi  -lruby-static -lffi  -lpthread -ldl -lobjc "
conftest.c: In function ‘t’:
conftest.c:5: error: ‘rb_thread_call_with_gvl’ undeclared (first use in this function)
conftest.c:5: error: (Each undeclared identifier is reported only once
conftest.c:5: error: for each function it appears in.)
checked program was:
/* begin */
1: #include "ruby.h"
2: 
3: /*top*/
4: int main() {return 0;}
5: int t() { void ((*volatile p)()); p = (void ((*)()))rb_thread_call_with_gvl; return 0; }
/* end */

"/usr/bin/gcc -o conftest -I/Users/r.kalbhor/.rbenv/versions/1.9.3-p0/include/ruby-1.9.1/x86_64-darwin10.8.0 -I/Users/r.kalbhor/.rbenv/versions/1.9.3-p0/include/ruby-1.9.1/ruby/backward -I/Users/r.kalbhor/.rbenv/versions/1.9.3-p0/include/ruby-1.9.1 -I. -I/usr/include/ffi -I'/Users/r.kalbhor/.rbenv/versions/1.9.3-p0/include'  -D_XOPEN_SOURCE -D_DARWIN_C_SOURCE  -I'/Users/r.kalbhor/.rbenv/versions/1.9.3-p0/include'   -O3 -ggdb -Wextra -Wno-unused-parameter -Wno-parentheses -Wno-long-long -Wno-missing-field-initializers -Wpointer-arith -Wwrite-strings -Wdeclaration-after-statement -Wshorten-64-to-32 -Wimplicit-function-declaration  -pipe conftest.c  -L. -L/Users/r.kalbhor/.rbenv/versions/1.9.3-p0/lib -L. -L'/Users/r.kalbhor/.rbenv/versions/1.9.3-p0/lib'     -lffi  -lruby-static -lffi  -lpthread -ldl -lobjc "
conftest.c: In function ‘t’:
conftest.c:5: warning: implicit declaration of function ‘rb_thread_call_with_gvl’
checked program was:
/* begin */
1: #include "ruby.h"
2: 
3: /*top*/
4: int main() {return 0;}
5: int t() { rb_thread_call_with_gvl(); return 0; }
/* end */

--------------------

